<?xml version="1.0" encoding="UTF-8"?>
<testsuite name="org.shivacorp.test.ShivacorpServiceImplTest" tests="6" skipped="0" failures="0" errors="0" timestamp="2021-05-10T06:58:05" hostname="IAMYOURUNDEROOS" time="1.036">
  <properties/>
  <testcase name="transferNSF()" classname="org.shivacorp.test.ShivacorpServiceImplTest" time="0.219"/>
  <testcase name="loginAdminBadPassword()" classname="org.shivacorp.test.ShivacorpServiceImplTest" time="0.172"/>
  <testcase name="loginAdminSuccess()" classname="org.shivacorp.test.ShivacorpServiceImplTest" time="0.223"/>
  <testcase name="loginSuccessMixedCaseUsername()" classname="org.shivacorp.test.ShivacorpServiceImplTest" time="0.306"/>
  <testcase name="loginBadUsername()" classname="org.shivacorp.test.ShivacorpServiceImplTest" time="0.054"/>
  <testcase name="withdrawNSF()" classname="org.shivacorp.test.ShivacorpServiceImplTest" time="0.056"/>
  <system-out><![CDATA[]]></system-out>
  <system-err><![CDATA[]]></system-err>
</testsuite>
